<?xml version="1.0" encoding="UTF-8" ?>
<testsuite tests="2" failures="0" name="com.fugro.gwf.util.i18n.client.MessagesTest" time="0.138" errors="1" skipped="1">
  <properties>
[...]
</properties>
  <testcase classname="com.fugro.gwf.util.i18n.client.MessagesTest" name="testEnglishMessage" time="0.036">
    <error message="Unable to process &quot;MessagesContainer.messages&quot;: no actual value was found for the argument &quot;Messages[@org.eclipse.e4.core.services.nls.Translation()]&quot;." type="org.eclipse.e4.core.di.InjectionException">org.eclipse.e4.core.di.InjectionException: Unable to process &quot;MessagesContainer.messages&quot;: no actual value was found for the argument &quot;Messages[@org.eclipse.e4.core.services.nls.Translation()]&quot;.
	at org.eclipse.e4.core.internal.di.InjectorImpl.reportUnresolvedArgument(InjectorImpl.java:424)
	at org.eclipse.e4.core.internal.di.InjectorImpl.resolveRequestorArgs(InjectorImpl.java:415)
	at org.eclipse.e4.core.internal.di.InjectorImpl.inject(InjectorImpl.java:110)
	at org.eclipse.e4.core.internal.di.InjectorImpl.internalMake(InjectorImpl.java:345)
	at org.eclipse.e4.core.internal.di.InjectorImpl.make(InjectorImpl.java:264)
	at org.eclipse.e4.core.contexts.ContextInjectionFactory.make(ContextInjectionFactory.java:162)
	at com.fugro.gwf.util.i18n.client.MessagesTest.testEnglishMessage(MessagesTest.java:56)
	at sun.reflect.NativeMethodAccessorImpl.invoke0(Native Method)
	at sun.reflect.NativeMethodAccessorImpl.invoke(NativeMethodAccessorImpl.java:62)
	at sun.reflect.DelegatingMethodAccessorImpl.invoke(DelegatingMethodAccessorImpl.java:43)
	at java.lang.reflect.Method.invoke(Method.java:498)
	at org.junit.runners.model.FrameworkMethod$1.runReflectiveCall(FrameworkMethod.java:50)
	at org.junit.internal.runners.model.ReflectiveCallable.run(ReflectiveCallable.java:12)
	at org.junit.runners.model.FrameworkMethod.invokeExplosively(FrameworkMethod.java:47)
	at org.junit.internal.runners.statements.InvokeMethod.evaluate(InvokeMethod.java:17)
	at org.junit.runners.ParentRunner.runLeaf(ParentRunner.java:325)
	at org.junit.runners.BlockJUnit4ClassRunner.runChild(BlockJUnit4ClassRunner.java:78)
	at org.junit.runners.BlockJUnit4ClassRunner.runChild(BlockJUnit4ClassRunner.java:57)
	at org.junit.runners.ParentRunner$3.run(ParentRunner.java:290)
	at org.junit.runners.ParentRunner$1.schedule(ParentRunner.java:71)
	at org.junit.runners.ParentRunner.runChildren(ParentRunner.java:288)
	at org.junit.runners.ParentRunner.access$000(ParentRunner.java:58)
	at org.junit.runners.ParentRunner$2.evaluate(ParentRunner.java:268)
	at org.junit.runners.ParentRunner.run(ParentRunner.java:363)
	at org.junit.runners.Suite.runChild(Suite.java:128)
	at org.junit.runners.Suite.runChild(Suite.java:27)
	at org.junit.runners.ParentRunner$3.run(ParentRunner.java:290)
	at org.junit.runners.ParentRunner$1.schedule(ParentRunner.java:71)
	at org.junit.runners.ParentRunner.runChildren(ParentRunner.java:288)
	at org.junit.runners.ParentRunner.access$000(ParentRunner.java:58)
	at org.junit.runners.ParentRunner$2.evaluate(ParentRunner.java:268)
	at org.junit.runners.ParentRunner.run(ParentRunner.java:363)
	at org.junit.runners.Suite.runChild(Suite.java:128)
	at org.junit.runners.Suite.runChild(Suite.java:27)
	at org.junit.runners.ParentRunner$3.run(ParentRunner.java:290)
	at org.junit.runners.ParentRunner$1.schedule(ParentRunner.java:71)
	at org.junit.runners.ParentRunner.runChildren(ParentRunner.java:288)
	at org.junit.runners.ParentRunner.access$000(ParentRunner.java:58)
	at org.junit.runners.ParentRunner$2.evaluate(ParentRunner.java:268)
	at org.junit.runners.ParentRunner.run(ParentRunner.java:363)
	at org.junit.runner.JUnitCore.run(JUnitCore.java:137)
	at org.junit.runner.JUnitCore.run(JUnitCore.java:115)
	at org.junit.runner.JUnitCore.run(JUnitCore.java:105)
	at org.apache.maven.surefire.junitcore.JUnitCoreWrapper.execute(JUnitCoreWrapper.java:52)
	at org.apache.maven.surefire.junitcore.OsgiEnabledJUnitCoreProvider.invoke(OsgiEnabledJUnitCoreProvider.java:118)
	at sun.reflect.NativeMethodAccessorImpl.invoke0(Native Method)
	at sun.reflect.NativeMethodAccessorImpl.invoke(NativeMethodAccessorImpl.java:62)
	at sun.reflect.DelegatingMethodAccessorImpl.invoke(DelegatingMethodAccessorImpl.java:43)
	at java.lang.reflect.Method.invoke(Method.java:498)
	at org.apache.maven.surefire.util.ReflectionUtils.invokeMethodWithArray(ReflectionUtils.java:164)
	at org.apache.maven.surefire.booter.ProviderFactory$ProviderProxy.invoke(ProviderFactory.java:110)
	at org.apache.maven.surefire.booter.SurefireStarter.invokeProvider(SurefireStarter.java:175)
	at org.apache.maven.surefire.booter.SurefireStarter.runSuitesInProcess(SurefireStarter.java:123)
	at org.eclipse.tycho.surefire.osgibooter.OsgiSurefireBooter.run(OsgiSurefireBooter.java:87)
	at org.eclipse.tycho.surefire.osgibooter.HeadlessTestApplication.run(HeadlessTestApplication.java:21)
	at sun.reflect.NativeMethodAccessorImpl.invoke0(Native Method)
	at sun.reflect.NativeMethodAccessorImpl.invoke(NativeMethodAccessorImpl.java:62)
	at sun.reflect.DelegatingMethodAccessorImpl.invoke(DelegatingMethodAccessorImpl.java:43)
	at java.lang.reflect.Method.invoke(Method.java:498)
	at org.eclipse.equinox.internal.app.EclipseAppContainer.callMethodWithException(EclipseAppContainer.java:587)
	at org.eclipse.equinox.internal.app.EclipseAppHandle.run(EclipseAppHandle.java:198)
	at org.eclipse.core.runtime.internal.adaptor.EclipseAppLauncher.runApplication(EclipseAppLauncher.java:134)
	at org.eclipse.core.runtime.internal.adaptor.EclipseAppLauncher.start(EclipseAppLauncher.java:104)
	at org.eclipse.core.runtime.adaptor.EclipseStarter.run(EclipseStarter.java:380)
	at org.eclipse.core.runtime.adaptor.EclipseStarter.run(EclipseStarter.java:235)
	at sun.reflect.NativeMethodAccessorImpl.invoke0(Native Method)
	at sun.reflect.NativeMethodAccessorImpl.invoke(NativeMethodAccessorImpl.java:62)
	at sun.reflect.DelegatingMethodAccessorImpl.invoke(DelegatingMethodAccessorImpl.java:43)
	at java.lang.reflect.Method.invoke(Method.java:498)
	at org.eclipse.equinox.launcher.Main.invokeFramework(Main.java:669)
	at org.eclipse.equinox.launcher.Main.basicRun(Main.java:608)
	at org.eclipse.equinox.launcher.Main.run(Main.java:1515)
	at org.eclipse.equinox.launcher.Main.main(Main.java:1488)
</error>
    <system-out>-- listing properties --
java.vendor=Oracle Corporation
osgi.bundles.defaultStartLevel=4
sun.java.launcher=SUN_STANDARD
org.osgi.supports.framework.extension=true
sun.management.compiler=HotSpot 64-Bit Tiered Compilers
os.name=Windows 7
sun.boot.class.path=C:\gwf\programs\java_64bit\jdk1.8.0_7...
osgi.ws=win32
sun.desktop=windows
java.vm.specification.vendor=Oracle Corporation
java.runtime.version=1.8.0_74-b02
osgi.instance.area=file:/C:/gwf/projects/svn/com.fugro.g...
org.osgi.framework.uuid=70651e41-d8a0-0016-162a-c9f100ab35ea
osgi.noShutdown=false
user.name=VeldeE
org.osgi.framework.system.packages=javax.accessibility,javax.activation,...
org.osgi.framework.language=en
user.language=en
org.osgi.framework.processor=x86-64
osgi.syspath=c:\gwf\data\mvn_repo\p2\osgi\bundle\o...
sun.boot.library.path=C:\gwf\programs\java_64bit\jdk1.8.0_7...
org.osgi.framework.system.capabilities=osgi.ee; osgi.ee=&quot;OSGi/Minimum&quot;; vers...
osgi.compatibility.bootdelegation=true
java.version=1.8.0_74
org.osgi.framework.os.name=Windows7
user.timezone=Europe/Paris
sun.arch.data.model=64
osgi.bundles=reference:file:c:/gwf/data/mvn_repo/i...
java.endorsed.dirs=C:\gwf\programs\java_64bit\jdk1.8.0_7...
sun.cpu.isalist=amd64
sun.jnu.encoding=Cp1252
eclipse.application=org.eclipse.tycho.surefire.osgibooter...
file.encoding.pkg=sun.io
org.osgi.framework.vendor=Eclipse
file.separator=\
java.specification.name=Java Platform API Specification
osgi.checkConfiguration=true
java.class.version=52.0
user.country=GB
osgi.configuration.cascaded=false
java.home=C:\gwf\programs\java_64bit\jdk1.8.0_7...
osgi.os=win32
eclipse.commands=-data
C:\gwf\projects\svn\com.fugro.g...
java.vm.info=mixed mode
os.version=6.1
osgi.arch=x86_64
path.separator=;
java.vm.version=25.74-b02
org.osgi.supports.framework.fragment=true
user.variant=
osgi.framework.shape=jar
java.awt.printerjob=sun.awt.windows.WPrinterJob
sun.io.unicode.encoding=UnicodeLittle
org.osgi.framework.version=1.8.0
awt.toolkit=sun.awt.windows.WToolkit
user.script=
eclipse.stateSaveDelayInterval=30000
osgi.dev=file:/C:/gwf/projects/svn/com.fugro.g...
osgi.install.area=file:/C:/gwf/projects/svn/com.fugro.g...
osgi.framework=file:/c:/gwf/data/mvn_repo/p2/osgi/bu...
user.home=C:\Users\VeldeE
osgi.framework.useSystemProperties=true
java.specification.vendor=Oracle Corporation
osgi.nl=en_GB
java.library.path=C:\gwf\programs\java_64bit\jdk1.8.0_7...
java.vendor.url=http://java.oracle.com/
osgi.bundlefile.limit=100
eclipse.startTime=1478076133609
org.osgi.framework.os.version=6.1.0
java.vm.vendor=Oracle Corporation
java.runtime.name=Java(TM) SE Runtime Environment
java.class.path=C:\gwf\data\mvn_repo\p2\osgi\bundle\o...
sun.java.command=C:\gwf\data\mvn_repo\p2\osgi\bundle\o...
java.vm.specification.name=Java Virtual Machine Specification
java.vm.specification.version=1.8
sun.os.patch.level=Service Pack 1
sun.cpu.endian=little
gosh.args=--nointeractive
surefire.test.class.path=
java.io.tmpdir=C:\Users\VeldeE\AppData\Local\Temp\
org.eclipse.e4.core.locale=en
java.vendor.url.bug=http://bugreport.sun.com/bugreport/
eclipse.home.location=file:/C:/gwf/projects/svn/com.fugro.g...
java.awt.graphicsenv=sun.awt.Win32GraphicsEnvironment
os.arch=amd64
java.ext.dirs=C:\gwf\programs\java_64bit\jdk1.8.0_7...
user.dir=C:\gwf\projects\svn\com.fugro.gwf\lab...
org.osgi.supports.framework.requirebundle=true
osgi.clean=true
line.separator=

java.vm.name=Java HotSpot(TM) 64-Bit Server VM
file.encoding=Cp1252
java.specification.version=1.8
org.osgi.framework.executionenvironment=OSGi/Minimum-1.0,OSGi/Minimum-1.1,OSG...
osgi.configuration.area=file:/C:/gwf/projects/svn/com.fugro.g...
osgi.logfile=C:\gwf\projects\svn\com.fugro.gwf\lab...
</system-out>
  </testcase>
  <testcase classname="com.fugro.gwf.util.i18n.client.MessagesTest" name="testDutchMessage" time="0.045">
    <skipped/>
  </testcase>
</testsuite>